 
 --------------------------------------
 Starting ... at YYYY MM DD HH MM SS = 
                 2017  8 15 14 26 39
 Program preprocess
 --------------------------------------
 
 set_nml_output Echo NML values to log file only
 Path names of default obs_def and obs_kind modules
 ../../../observations/forward_operators/DEFAULT_obs_def_mod.F90
 ../../../assimilation_code/modules/observations/DEFAULT_obs_kind_mod.F90
 Path names of output obs_def and obs_kind modules
 ../../../observations/forward_operators/obs_def_mod.f90
 ../../../assimilation_code/modules/observations/obs_kind_mod.f90
 INPUT obs_def files follow:
 ../../../observations/forward_operators/obs_def_gps_mod.f90
 ../../../observations/forward_operators/obs_def_reanalysis_bufr_mod.f90
 ../../../observations/forward_operators/obs_def_altimeter_mod.f90
 INPUT model files follow:
 preprocess Finished successfully.
 
 --------------------------------------
 Finished ... at YYYY MM DD HH MM SS = 
                 2017  8 15 14 26 39
 Program preprocess
 --------------------------------------
 
 
 --------------------------------------
 Starting ... at YYYY MM DD HH MM SS = 
                 2018  1 17  9 54 40
 Program preprocess
 --------------------------------------
 
 set_nml_output Echo NML values to log file only
 Path names of default obs_def and obs_kind modules
 ../../../observations/forward_operators/DEFAULT_obs_def_mod.F90
 ../../../assimilation_code/modules/observations/DEFAULT_obs_kind_mod.F90
 Path names of output obs_def and obs_kind modules
 ../../../observations/forward_operators/obs_def_mod.f90
 ../../../assimilation_code/modules/observations/obs_kind_mod.f90
 INPUT obs_def files follow:
 ../../../observations/forward_operators/obs_def_gps_mod.f90
 ../../../observations/forward_operators/obs_def_reanalysis_bufr_mod.f90
 ../../../observations/forward_operators/obs_def_altimeter_mod.f90
 INPUT model files follow:
 preprocess Finished successfully.
 
 --------------------------------------
 Finished ... at YYYY MM DD HH MM SS = 
                 2018  1 17  9 54 40
 Program preprocess
 --------------------------------------
 
 
 --------------------------------------
 Starting ... at YYYY MM DD HH MM SS = 
                 2018  1 17  9 56 13
 Program preprocess
 --------------------------------------
 
 set_nml_output Echo NML values to log file only
 Path names of default obs_def and obs_kind modules
 ../../../observations/forward_operators/DEFAULT_obs_def_mod.F90
 ../../../assimilation_code/modules/observations/DEFAULT_obs_kind_mod.F90
 Path names of output obs_def and obs_kind modules
 ../../../observations/forward_operators/obs_def_mod.f90
 ../../../assimilation_code/modules/observations/obs_kind_mod.f90
 INPUT obs_def files follow:
 ../../../observations/forward_operators/obs_def_gps_mod.f90
 ../../../observations/forward_operators/obs_def_reanalysis_bufr_mod.f90
 ../../../observations/forward_operators/obs_def_altimeter_mod.f90
 INPUT model files follow:
 preprocess Finished successfully.
 
 --------------------------------------
 Finished ... at YYYY MM DD HH MM SS = 
                 2018  1 17  9 56 14
 Program preprocess
 --------------------------------------
 
 
 --------------------------------------
 Starting ... at YYYY MM DD HH MM SS = 
                 2018  1 17  9 56 26
 Program preprocess
 --------------------------------------
 
 set_nml_output Echo NML values to log file only
 Path names of default obs_def and obs_kind modules
 ../../../observations/forward_operators/DEFAULT_obs_def_mod.F90
 ../../../assimilation_code/modules/observations/DEFAULT_obs_kind_mod.F90
 Path names of output obs_def and obs_kind modules
 ../../../observations/forward_operators/obs_def_mod.f90
 ../../../assimilation_code/modules/observations/obs_kind_mod.f90
 INPUT obs_def files follow:
 ../../../observations/forward_operators/obs_def_gps_mod.f90
 ../../../observations/forward_operators/obs_def_reanalysis_bufr_mod.f90
 ../../../observations/forward_operators/obs_def_altimeter_mod.f90
 INPUT model files follow:
 preprocess Finished successfully.
 
 --------------------------------------
 Finished ... at YYYY MM DD HH MM SS = 
                 2018  1 17  9 56 26
 Program preprocess
 --------------------------------------
 
 
 --------------------------------------
 Starting ... at YYYY MM DD HH MM SS = 
                 2018  1 17  9 57 44
 Program preprocess
 --------------------------------------
 
 set_nml_output Echo NML values to log file only
 Path names of default obs_def and obs_kind modules
 ../../../observations/forward_operators/DEFAULT_obs_def_mod.F90
 ../../../assimilation_code/modules/observations/DEFAULT_obs_kind_mod.F90
 Path names of output obs_def and obs_kind modules
 ../../../observations/forward_operators/obs_def_mod.f90
 ../../../assimilation_code/modules/observations/obs_kind_mod.f90
 INPUT obs_def files follow:
 ../../../observations/forward_operators/obs_def_gps_mod.f90
 ../../../observations/forward_operators/obs_def_reanalysis_bufr_mod.f90
 ../../../observations/forward_operators/obs_def_altimeter_mod.f90
 INPUT model files follow:
 preprocess Finished successfully.
 
 --------------------------------------
 Finished ... at YYYY MM DD HH MM SS = 
                 2018  1 17  9 57 44
 Program preprocess
 --------------------------------------
 
 
 --------------------------------------
 Starting ... at YYYY MM DD HH MM SS = 
                 2018  1 17  9 58 21
 Program preprocess
 --------------------------------------
 
 set_nml_output Echo NML values to log file only
 Path names of default obs_def and obs_kind modules
 ../../../observations/forward_operators/DEFAULT_obs_def_mod.F90
 ../../../assimilation_code/modules/observations/DEFAULT_obs_kind_mod.F90
 Path names of output obs_def and obs_kind modules
 ../../../observations/forward_operators/obs_def_mod.f90
 ../../../assimilation_code/modules/observations/obs_kind_mod.f90
 INPUT obs_def files follow:
 ../../../observations/forward_operators/obs_def_gps_mod.f90
 ../../../observations/forward_operators/obs_def_reanalysis_bufr_mod.f90
 ../../../observations/forward_operators/obs_def_altimeter_mod.f90
 INPUT model files follow:
 preprocess Finished successfully.
 
 --------------------------------------
 Finished ... at YYYY MM DD HH MM SS = 
                 2018  1 17  9 58 21
 Program preprocess
 --------------------------------------
 
