 
 --------------------------------------
 Starting ... at YYYY MM DD HH MM SS = 
                 2017  8 10 10 36 35
 Program preprocess
 --------------------------------------
 
 set_nml_output Echo NML values to log file only
 Path names of default obs_def and obs_kind modules
 ../../../observations/forward_operators/DEFAULT_obs_def_mod.F90
 ../../../assimilation_code/modules/observations/DEFAULT_obs_kind_mod.F90
 Path names of output obs_def and obs_kind modules
 ../../../observations/forward_operators/obs_def_mod.f90
 ../../../assimilation_code/modules/observations/obs_kind_mod.f90
 INPUT obs_def files follow:
 ../../../observations/forward_operators/obs_def_reanalysis_bufr_mod.f90
 ../../../observations/forward_operators/obs_def_radar_mod.f90
 ../../../observations/forward_operators/obs_def_metar_mod.f90
 ../../../observations/forward_operators/obs_def_dew_point_mod.f90
 ../../../observations/forward_operators/obs_def_rel_humidity_mod.f90
 ../../../observations/forward_operators/obs_def_altimeter_mod.f90
 ../../../observations/forward_operators/obs_def_gps_mod.f90
 ../../../observations/forward_operators/obs_def_vortex_mod.f90
 ../../../observations/forward_operators/obs_def_gts_mod.f90
 INPUT model files follow:
 preprocess Finished successfully.
 
 --------------------------------------
 Finished ... at YYYY MM DD HH MM SS = 
                 2017  8 10 10 36 35
 Program preprocess
 --------------------------------------
 
 
 --------------------------------------
 Starting ... at YYYY MM DD HH MM SS = 
                 2017  8 10 10 37 29
 Program preprocess
 --------------------------------------
 
 set_nml_output Echo NML values to log file only
 Path names of default obs_def and obs_kind modules
 ../../../observations/forward_operators/DEFAULT_obs_def_mod.F90
 ../../../assimilation_code/modules/observations/DEFAULT_obs_kind_mod.F90
 Path names of output obs_def and obs_kind modules
 ../../../observations/forward_operators/obs_def_mod.f90
 ../../../assimilation_code/modules/observations/obs_kind_mod.f90
 INPUT obs_def files follow:
 ../../../observations/forward_operators/obs_def_reanalysis_bufr_mod.f90
 ../../../observations/forward_operators/obs_def_radar_mod.f90
 ../../../observations/forward_operators/obs_def_metar_mod.f90
 ../../../observations/forward_operators/obs_def_dew_point_mod.f90
 ../../../observations/forward_operators/obs_def_rel_humidity_mod.f90
 ../../../observations/forward_operators/obs_def_altimeter_mod.f90
 ../../../observations/forward_operators/obs_def_gps_mod.f90
 ../../../observations/forward_operators/obs_def_vortex_mod.f90
 ../../../observations/forward_operators/obs_def_gts_mod.f90
 INPUT model files follow:
 preprocess Finished successfully.
 
 --------------------------------------
 Finished ... at YYYY MM DD HH MM SS = 
                 2017  8 10 10 37 29
 Program preprocess
 --------------------------------------
 
 
 --------------------------------------
 Starting ... at YYYY MM DD HH MM SS = 
                 2017  8 10 13 53 19
 Program preprocess
 --------------------------------------
 
 set_nml_output Echo NML values to log file only
 Path names of default obs_def and obs_kind modules
 ../../../observations/forward_operators/DEFAULT_obs_def_mod.F90
 ../../../assimilation_code/modules/observations/DEFAULT_obs_kind_mod.F90
 Path names of output obs_def and obs_kind modules
 ../../../observations/forward_operators/obs_def_mod.f90
 ../../../assimilation_code/modules/observations/obs_kind_mod.f90
 INPUT obs_def files follow:
 ../../../observations/forward_operators/obs_def_reanalysis_bufr_mod.f90
 ../../../observations/forward_operators/obs_def_radar_mod.f90
 ../../../observations/forward_operators/obs_def_metar_mod.f90
 ../../../observations/forward_operators/obs_def_dew_point_mod.f90
 ../../../observations/forward_operators/obs_def_rel_humidity_mod.f90
 ../../../observations/forward_operators/obs_def_altimeter_mod.f90
 ../../../observations/forward_operators/obs_def_gps_mod.f90
 ../../../observations/forward_operators/obs_def_vortex_mod.f90
 ../../../observations/forward_operators/obs_def_gts_mod.f90
 INPUT model files follow:
 preprocess Finished successfully.
 
 --------------------------------------
 Finished ... at YYYY MM DD HH MM SS = 
                 2017  8 10 13 53 19
 Program preprocess
 --------------------------------------
 
 
 --------------------------------------
 Starting ... at YYYY MM DD HH MM SS = 
                 2017  9 13 10 31 57
 Program preprocess
 --------------------------------------
 
 set_nml_output Echo NML values to log file only
 Path names of default obs_def and obs_kind modules
 ../../../observations/forward_operators/DEFAULT_obs_def_mod.F90
 ../../../assimilation_code/modules/observations/DEFAULT_obs_kind_mod.F90
 Path names of output obs_def and obs_kind modules
 ../../../observations/forward_operators/obs_def_mod.f90
 ../../../assimilation_code/modules/observations/obs_kind_mod.f90
 INPUT obs_def files follow:
 ../../../observations/forward_operators/obs_def_reanalysis_bufr_mod.f90
 ../../../observations/forward_operators/obs_def_radar_mod.f90
 ../../../observations/forward_operators/obs_def_metar_mod.f90
 ../../../observations/forward_operators/obs_def_dew_point_mod.f90
 ../../../observations/forward_operators/obs_def_rel_humidity_mod.f90
 ../../../observations/forward_operators/obs_def_altimeter_mod.f90
 ../../../observations/forward_operators/obs_def_gps_mod.f90
 ../../../observations/forward_operators/obs_def_vortex_mod.f90
 ../../../observations/forward_operators/obs_def_gts_mod.f90
 INPUT model files follow:
 preprocess Finished successfully.
 
 --------------------------------------
 Finished ... at YYYY MM DD HH MM SS = 
                 2017  9 13 10 31 57
 Program preprocess
 --------------------------------------
 
 
 --------------------------------------
 Starting ... at YYYY MM DD HH MM SS = 
                 2018  7  3 11 37 23
 Program preprocess
 --------------------------------------
 
 set_nml_output Echo NML values to log file only
 Path names of default obs_def and obs_kind modules
 ../../../../observations/forward_operators/DEFAULT_obs_def_mod.F90
 ../../../assimilation_code/modules/observations/DEFAULT_obs_kind_mod.F90
 Path names of output obs_def and obs_kind modules
 ../../../../observations/forward_operators/obs_def_mod.f90
 ../../../assimilation_code/modules/observations/obs_kind_mod.f90
 INPUT obs_def files follow:
 ../../../../observations/forward_operators/obs_def_reanalysis_bufr_mod.f90
 ../../../../observations/forward_operators/obs_def_altimeter_mod.f90
 ../../../../observations/forward_operators/obs_def_radar_mod.f90
 ../../../../observations/forward_operators/obs_def_metar_mod.f90
 ../../../../observations/forward_operators/obs_def_dew_point_mod.f90
 ../../../../observations/forward_operators/obs_def_gps_mod.f90
 ../../../../observations/forward_operators/obs_def_gts_mod.f90
 ../../../../observations/forward_operators/obs_def_QuikSCAT_mod.f90
 ../../../../observations/forward_operators/obs_def_vortex_mod.f90
 INPUT model files follow:
 ERROR FROM:
  routine: preprocess
  message: 
  file ../../../../observations/forward_operators/DEFAULT_obs_def_mod.F90 must e
 xist (and does not)
  
  source file: 
 $URL: https://svn-dares-dart.cgd.ucar.edu/DART/releases/Manhattan/assimilation_
 code/programs/preprocess/preprocess.f90 $
  file revision: $Revision: 11251 $
  revision date: $Date: 2017-03-08 16:04:37 -0700 (Wed, 08 Mar 2017) $
 
 --------------------------------------
 Starting ... at YYYY MM DD HH MM SS = 
                 2018  7  3 11 38 16
 Program preprocess
 --------------------------------------
 
 set_nml_output Echo NML values to log file only
 Path names of default obs_def and obs_kind modules
 ../../../observations/forward_operators/DEFAULT_obs_def_mod.F90
 ../../../assimilation_code/modules/observations/DEFAULT_obs_kind_mod.F90
 Path names of output obs_def and obs_kind modules
 ../../../observations/forward_operators/obs_def_mod.f90
 ../../../assimilation_code/modules/observations/obs_kind_mod.f90
 INPUT obs_def files follow:
 ../../../observations/forward_operators/obs_def_reanalysis_bufr_mod.f90
 ../../../observations/forward_operators/obs_def_altimeter_mod.f90
 ../../../observations/forward_operators/obs_def_radar_mod.f90
 ../../../observations/forward_operators/obs_def_metar_mod.f90
 ../../../observations/forward_operators/obs_def_dew_point_mod.f90
 ../../../observations/forward_operators/obs_def_gps_mod.f90
 ../../../observations/forward_operators/obs_def_gts_mod.f90
 ../../../observations/forward_operators/obs_def_QuikSCAT_mod.f90
 ../../../observations/forward_operators/obs_def_vortex_mod.f90
 INPUT model files follow:
 preprocess Finished successfully.
 
 --------------------------------------
 Finished ... at YYYY MM DD HH MM SS = 
                 2018  7  3 11 38 16
 Program preprocess
 --------------------------------------
 
 
 --------------------------------------
 Starting ... at YYYY MM DD HH MM SS = 
                 2018  7  3 11 38 29
 Program preprocess
 --------------------------------------
 
 set_nml_output Echo NML values to log file only
 Path names of default obs_def and obs_kind modules
 ../../../observations/forward_operators/DEFAULT_obs_def_mod.F90
 ../../../assimilation_code/modules/observations/DEFAULT_obs_kind_mod.F90
 Path names of output obs_def and obs_kind modules
 ../../../observations/forward_operators/obs_def_mod.f90
 ../../../assimilation_code/modules/observations/obs_kind_mod.f90
 INPUT obs_def files follow:
 ../../../observations/forward_operators/obs_def_reanalysis_bufr_mod.f90
 ../../../observations/forward_operators/obs_def_altimeter_mod.f90
 ../../../observations/forward_operators/obs_def_radar_mod.f90
 ../../../observations/forward_operators/obs_def_metar_mod.f90
 ../../../observations/forward_operators/obs_def_dew_point_mod.f90
 ../../../observations/forward_operators/obs_def_gps_mod.f90
 ../../../observations/forward_operators/obs_def_gts_mod.f90
 ../../../observations/forward_operators/obs_def_QuikSCAT_mod.f90
 ../../../observations/forward_operators/obs_def_vortex_mod.f90
 INPUT model files follow:
 preprocess Finished successfully.
 
 --------------------------------------
 Finished ... at YYYY MM DD HH MM SS = 
                 2018  7  3 11 38 29
 Program preprocess
 --------------------------------------
 
 
 --------------------------------------
 Starting ... at YYYY MM DD HH MM SS = 
                 2018  7  3 11 39 46
 Program preprocess
 --------------------------------------
 
 set_nml_output Echo NML values to log file only
 Path names of default obs_def and obs_kind modules
 ../../../observations/forward_operators/DEFAULT_obs_def_mod.F90
 ../../../assimilation_code/modules/observations/DEFAULT_obs_kind_mod.F90
 Path names of output obs_def and obs_kind modules
 ../../../observations/forward_operators/obs_def_mod.f90
 ../../../assimilation_code/modules/observations/obs_kind_mod.f90
 INPUT obs_def files follow:
 ../../../observations/forward_operators/obs_def_reanalysis_bufr_mod.f90
 ../../../observations/forward_operators/obs_def_altimeter_mod.f90
 ../../../observations/forward_operators/obs_def_radar_mod.f90
 ../../../observations/forward_operators/obs_def_metar_mod.f90
 ../../../observations/forward_operators/obs_def_dew_point_mod.f90
 ../../../observations/forward_operators/obs_def_gps_mod.f90
 ../../../observations/forward_operators/obs_def_gts_mod.f90
 ../../../observations/forward_operators/obs_def_QuikSCAT_mod.f90
 ../../../observations/forward_operators/obs_def_vortex_mod.f90
 INPUT model files follow:
 preprocess Finished successfully.
 
 --------------------------------------
 Finished ... at YYYY MM DD HH MM SS = 
                 2018  7  3 11 39 46
 Program preprocess
 --------------------------------------
 
 
 --------------------------------------
 Starting ... at YYYY MM DD HH MM SS = 
                 2018  7  3 12 58 11
 Program preprocess
 --------------------------------------
 
 set_nml_output Echo NML values to log file only
 Path names of default obs_def and obs_kind modules
 ../../../observations/forward_operators/DEFAULT_obs_def_mod.F90
 ../../../assimilation_code/modules/observations/DEFAULT_obs_kind_mod.F90
 Path names of output obs_def and obs_kind modules
 ../../../observations/forward_operators/obs_def_mod.f90
 ../../../assimilation_code/modules/observations/obs_kind_mod.f90
 INPUT obs_def files follow:
 ../../../observations/forward_operators/obs_def_reanalysis_bufr_mod.f90
 ../../../observations/forward_operators/obs_def_altimeter_mod.f90
 ../../../observations/forward_operators/obs_def_radar_mod.f90
 ../../../observations/forward_operators/obs_def_metar_mod.f90
 ../../../observations/forward_operators/obs_def_dew_point_mod.f90
 ../../../observations/forward_operators/obs_def_gps_mod.f90
 ../../../observations/forward_operators/obs_def_gts_mod.f90
 ../../../observations/forward_operators/obs_def_QuikSCAT_mod.f90
 ../../../observations/forward_operators/obs_def_vortex_mod.f90
 INPUT model files follow:
 preprocess Finished successfully.
 
 --------------------------------------
 Finished ... at YYYY MM DD HH MM SS = 
                 2018  7  3 12 58 12
 Program preprocess
 --------------------------------------
 
 
 --------------------------------------
 Starting ... at YYYY MM DD HH MM SS = 
                 2018  7  3 13 18 28
 Program preprocess
 --------------------------------------
 
 set_nml_output Echo NML values to log file only
 Path names of default obs_def and obs_kind modules
 ../../../observations/forward_operators/DEFAULT_obs_def_mod.F90
 ../../../assimilation_code/modules/observations/DEFAULT_obs_kind_mod.F90
 Path names of output obs_def and obs_kind modules
 ../../../observations/forward_operators/obs_def_mod.f90
 ../../../assimilation_code/modules/observations/obs_kind_mod.f90
 INPUT obs_def files follow:
 ../../../observations/forward_operators/obs_def_reanalysis_bufr_mod.f90
 ../../../observations/forward_operators/obs_def_altimeter_mod.f90
 ../../../observations/forward_operators/obs_def_radar_mod.f90
 ../../../observations/forward_operators/obs_def_metar_mod.f90
 ../../../observations/forward_operators/obs_def_dew_point_mod.f90
 ../../../observations/forward_operators/obs_def_gps_mod.f90
 ../../../observations/forward_operators/obs_def_gts_mod.f90
 ../../../observations/forward_operators/obs_def_QuikSCAT_mod.f90
 ../../../observations/forward_operators/obs_def_vortex_mod.f90
 INPUT model files follow:
 preprocess Finished successfully.
 
 --------------------------------------
 Finished ... at YYYY MM DD HH MM SS = 
                 2018  7  3 13 18 28
 Program preprocess
 --------------------------------------
 
 
 --------------------------------------
 Starting ... at YYYY MM DD HH MM SS = 
                 2018  7  3 13 21  5
 Program preprocess
 --------------------------------------
 
 set_nml_output Echo NML values to log file only
 Path names of default obs_def and obs_kind modules
 ../../../observations/forward_operators/DEFAULT_obs_def_mod.F90
 ../../../assimilation_code/modules/observations/DEFAULT_obs_kind_mod.F90
 Path names of output obs_def and obs_kind modules
 ../../../observations/forward_operators/obs_def_mod.f90
 ../../../assimilation_code/modules/observations/obs_kind_mod.f90
 INPUT obs_def files follow:
 ../../../observations/forward_operators/obs_def_reanalysis_bufr_mod.f90
 ../../../observations/forward_operators/obs_def_altimeter_mod.f90
 ../../../observations/forward_operators/obs_def_radar_mod.f90
 ../../../observations/forward_operators/obs_def_metar_mod.f90
 ../../../observations/forward_operators/obs_def_dew_point_mod.f90
 ../../../observations/forward_operators/obs_def_gps_mod.f90
 ../../../observations/forward_operators/obs_def_gts_mod.f90
 ../../../observations/forward_operators/obs_def_QuikSCAT_mod.f90
 ../../../observations/forward_operators/obs_def_vortex_mod.f90
 INPUT model files follow:
 preprocess Finished successfully.
 
 --------------------------------------
 Finished ... at YYYY MM DD HH MM SS = 
                 2018  7  3 13 21  5
 Program preprocess
 --------------------------------------
 
